<?xml version="1.0" encoding="UTF-8"?>
<testsuite name="hello.hellospring.repository.MemoryMemberRepositoryTest" tests="1" skipped="0" failures="0" errors="0" timestamp="2022-06-14T12:55:36" hostname="DESKTOP-BO9EFMU" time="0.05">
  <properties/>
  <testcase name="save()" classname="hello.hellospring.repository.MemoryMemberRepositoryTest" time="0.05"/>
  <system-out><![CDATA[]]></system-out>
  <system-err><![CDATA[]]></system-err>
</testsuite>
